
T3974 493:857 SEGGER J-Link V6.30c Log File (0000ms, 0589ms total)
T3974 493:857 DLL Compiled: Feb  9 2018 17:20:54 (0000ms, 0589ms total)
T3974 493:857 Logging started @ 2018-12-12 16:19 (0000ms, 0589ms total)
T3974 493:868 JLINK_ExecCommand("Device = ATSAML21G18B", ...).   returns 0x00 (0001ms, 0590ms total)
T3974 493:942 JLINK_ExecCommand("device = ATSAML21G18B", ...).   returns 0x00 (0000ms, 0590ms total)
T3974 493:942 JLINK_GetHWStatus(...)  returns 0x00 (0001ms, 0591ms total)
T3974 493:943 JLINK_ClrRESET() (0001ms, 0592ms total)
T3974 493:944 JLINK_SetRESET() (0001ms, 0593ms total)
T3974 493:945 JLINK_ClrRESET() (0001ms, 0594ms total)
T3974 493:946 JLINK_ClrTCK()  returns 0x00 (0001ms, 0595ms total)
T3974 493:947 JLINK_SetRESET() (0001ms, 0596ms total)
T3974 493:948 JLINK_Clock()  returns 0x00 (0000ms, 0596ms total)
T3974 493:948 JLINK_TIF_Select(JLINKARM_TIF_SWD)  returns 0x00 (0003ms, 0599ms total)
T3974 493:951 JLINK_SetSpeed(50) (0000ms, 0599ms total)
T3974 493:952 JLINK_JTAG_StoreRaw(..., 0x108 Bits)  returns 0x00 (0000ms, 0600ms total)
T3974 493:952 JLINK_JTAG_GetU32(BitPos = 227) >0x108 TIF>  returns 0x0BD11477 (0006ms, 0606ms total)
T3974 493:958 JLINK_JTAG_StoreRaw(..., 0x08 Bits)  returns 0x00 (0000ms, 0606ms total)
T3974 493:958 JLINK_JTAG_StoreRaw(..., 0x03 Bits)  returns 0x08 (0000ms, 0606ms total)
T3974 493:958 JLINK_JTAG_StoreRaw(..., 0x28 Bits)  returns 0x0B (0000ms, 0606ms total)
T3974 493:958 JLINK_JTAG_GetU8(BitPos = 8) >0x33 TIF>  returns 0xB9 (0002ms, 0608ms total)
T3974 493:960 JLINK_JTAG_GetU32(BitPos = 11)  returns 0x0BD11477 (0000ms, 0608ms total)
T3974 493:960 JLINK_JTAG_GetU8(BitPos = 43)  returns 0x01 (0000ms, 0608ms total)
T3974 493:960 JLINK_JTAG_StoreRaw(..., 0x08 Bits)  returns 0x00 (0000ms, 0608ms total)
T3974 493:960 JLINK_JTAG_StoreRaw(..., 0x03 Bits)  returns 0x08 (0000ms, 0608ms total)
T3974 493:960 JLINK_JTAG_StoreRaw(..., 0x28 Bits)  returns 0x0B (0000ms, 0608ms total)
T3974 493:960 JLINK_JTAG_GetU8(BitPos = 8) >0x33 TIF>  returns 0x01 (0002ms, 0610ms total)
T3974 493:962 JLINK_JTAG_GetU32(BitPos = 11)  returns 0x00000040 (0000ms, 0610ms total)
T3974 493:962 JLINK_JTAG_GetU8(BitPos = 43)  returns 0x01 (0000ms, 0610ms total)
T3974 493:962 JLINK_JTAG_StoreRaw(..., 0x08 Bits)  returns 0x00 (0000ms, 0610ms total)
T3974 493:962 JLINK_JTAG_StoreRaw(..., 0x03 Bits)  returns 0x08 (0000ms, 0610ms total)
T3974 493:962 JLINK_JTAG_StoreRaw(..., 0x02 Bits)  returns 0x0B (0000ms, 0610ms total)
T3974 493:962 JLINK_JTAG_StoreRaw(..., 0x28 Bits)  returns 0x0D (0000ms, 0610ms total)
T3974 493:962 JLINK_JTAG_GetU8(BitPos = 8) >0x35 TIF>  returns 0x01 (0002ms, 0612ms total)
T3974 493:964 JLINK_JTAG_StoreRaw(..., 0x08 Bits)  returns 0x00 (0000ms, 0612ms total)
T3974 493:964 JLINK_JTAG_StoreRaw(..., 0x03 Bits)  returns 0x08 (0000ms, 0612ms total)
T3974 493:964 JLINK_JTAG_StoreRaw(..., 0x28 Bits)  returns 0x0B (0000ms, 0612ms total)
T3974 493:964 JLINK_JTAG_GetU8(BitPos = 8) >0x33 TIF>  returns 0x09 (0002ms, 0614ms total)
T3974 493:966 JLINK_JTAG_GetU32(BitPos = 11)  returns 0xF0000041 (0000ms, 0614ms total)
T3974 493:966 JLINK_JTAG_GetU8(BitPos = 43)  returns 0x00 (0000ms, 0614ms total)
T3974 493:966 JLINK_WriteU32(0x41002100, 0x00000010)InitTarget() >0x10B TIF>Found SW-DP with ID 0x0BD11477 >0x0D TIF> >0x28 TIF> >0x0D TIF> >0x28 TIF> >0x0D TIF> >0x28 TIF> >0x0D TIF> >0x28 TIF> >0x0D TIF> >0x21 TIF> >0x0D TIF> >0x28 TIF>Scanning AP map to find all available APs >0x0D TIF> >0x28 TIF> >0x0D TIF> >0x21 TIF> >0x0D TIF> >0x21 TIF> >0x0D TIF> >0x28 TIF> >0x0D TIF> >0x21 TIF> >0x0D TIF> >0x21 TIF>AP[1]: Stopped AP scan as end of AP map has been reachedAP[0]: AHB-AP (IDR: 0x04770041)
Iterating through AP map to find AHB-AP to use >0x42 TIF> >0x28 TIF> >0x0D TIF> >0x28 TIF> >0x0D TIF> >0x21 TIF> >0x0D TIF> >0x21 TIF> >0x42 TIF> >0x28 TIF> >0x0D TIF> >0x28 TIF> >0x0D TIF> >0x28 TIF> >0x0D TIF> >0x21 TIF> >0x0D TIF> >0x21 TIF>AP[0]: Core foundAP[0]: AHB-AP ROM base: 0xE00FD000 >0x0D TIF> >0x28 TIF> >0x0D TIF> >0x28 TIF> >0x0D TIF> >0x28 TIF> >0x0D TIF> >0x21 TIF> >0x0D TIF> >0x21 TIF>CPUID register: 0x410FC271. Implementer code: 0x41 (ARM)Found Cortex-M7 r0p1, Little endian.
Identified core does not match configuration. (Found: Cortex-M7, Configured: Cortex-M0) -- CPU_ReadMem(4 bytes @ 0xE000EDF0) -- CPU_WriteMem(4 bytes @ 0xE000EDF0) -- CPU_ReadMem(4 bytes @ 0xE0002000) -- CPU_ReadMem(4 bytes @ 0xE000EDFC) -- CPU_WriteMem(4 bytes @ 0xE000EDFC) -- CPU_ReadMem(4 bytes @ 0xE0001000) -- CPU_WriteMem(4 bytes @ 0xE0001000) -- CPU_ReadMem(4 bytes @ 0xE000ED88) -- CPU_WriteMem(4 bytes @ 0xE000ED88) -- CPU_ReadMem(4 bytes @ 0xE000ED88) -- CPU_WriteMem(4 bytes @ 0xE000ED88)
CoreSight components:ROMTbl[0] @ E00FD000 -- CPU_ReadMem(16 bytes @ 0xE00FD000) -- CPU_ReadMem(16 bytes @ 0xE00FEFF0) -- CPU_ReadMem(16 bytes @ 0xE00FEFE0)ROMTbl[0][0]: E00FE000, CID: B105100D, PID: 000BB4C8 ROM TableROMTbl[1] @ E00FE000 -- CPU_ReadMem(16 bytes @ 0xE00FE000) -- CPU_ReadMem(16 bytes @ 0xE00FFFF0) -- CPU_ReadMem(16 bytes @ 0xE00FFFE0)ROMTbl[1][0]: E00FF000, CID: B105100D, PID: 000BB4C7 ROM TableROMTbl[2] @ E00FF000 -- CPU_ReadMem(16 bytes @ 0xE00FF000) -- CPU_ReadMem(16 bytes @ 0xE000EFF0)
 -- CPU_ReadMem(16 bytes @ 0xE000EFE0)ROMTbl[2][0]: E000E000, CID: B105E00D, PID: 000BB00C SCS-M7 -- CPU_ReadMem(16 bytes @ 0xE0001FF0) -- CPU_ReadMem(16 bytes @ 0xE0001FE0)ROMTbl[2][1]: E0001000, CID: B105E00D, PID: 000BB002 DWT -- CPU_ReadMem(16 bytes @ 0xE0002FF0) -- CPU_ReadMem(16 bytes @ 0xE0002FE0)ROMTbl[2][2]: E0002000, CID: B105E00D, PID: 000BB00E FPB-M7 -- CPU_ReadMem(16 bytes @ 0xE0000FF0) -- CPU_ReadMem(16 bytes @ 0xE0000FE0)ROMTbl[2][3]: E0000000, CID: B105E00D, PID: 000BB001 ITM
 -- CPU_ReadMem(16 bytes @ 0xE00FF010) -- CPU_ReadMem(16 bytes @ 0xE0041FF0) -- CPU_ReadMem(16 bytes @ 0xE0041FE0)ROMTbl[1][1]: E0041000, CID: B105900D, PID: 000BB975 ETM-M7 -- CPU_ReadMem(16 bytes @ 0xE00FE010) -- CPU_ReadMem(16 bytes @ 0xE0040FF0) -- CPU_ReadMem(16 bytes @ 0xE0040FE0)ROMTbl[0][1]: E0040000, CID: B105900D, PID: 000BB9A9 TPIU-M7 -- CPU_ReadMem(16 bytes @ 0xE00FD010) -- CPU_ReadMem(4 bytes @ 0xE000ED78)Cache: Separate I- and D-cache. (0496ms, 1110ms total)
T3974 493:966  -- CPU_WriteMem(4 bytes @ 0xE000ED84) -- CPU_ReadMem(4 bytes @ 0xE000ED80)I-Cache L1: 16 KB, 256 Sets, 32 Bytes/Line, 2-Way -- CPU_WriteMem(4 bytes @ 0xE000ED84) -- CPU_ReadMem(4 bytes @ 0xE000ED80)D-Cache L1: 16 KB, 128 Sets, 32 Bytes/Line, 4-Way -- CPU is running -- CPU_WriteMem(4 bytes @ 0x41002100)  returns 0x00 (0532ms, 1146ms total)
T3974 494:498 JLINK_ReadMem (0x41002101, 0x0001 Bytes, ...) -- CPU_ReadMem(1 bytes @ 0x41002101) - Data: AA  returns 0x01 (0008ms, 1154ms total)
T3974 494:726 JLINK_ReadMem (0x41002101, 0x0001 Bytes, ...) -- CPU_ReadMem(1 bytes @ 0x41002101) - Data: AA  returns 0x01 (0007ms, 1161ms total)
T3974 494:933 JLINK_ReadMem (0x41002101, 0x0001 Bytes, ...) -- CPU_ReadMem(1 bytes @ 0x41002101) - Data: AA  returns 0x01 (0007ms, 1168ms total)
T3974 495:140 JLINK_ReadMem (0x41002101, 0x0001 Bytes, ...) -- CPU_ReadMem(1 bytes @ 0x41002101) - Data: AA  returns 0x01 (0007ms, 1175ms total)
T3974 495:376 JLINK_ReadMem (0x41002101, 0x0001 Bytes, ...) -- CPU_ReadMem(1 bytes @ 0x41002101) - Data: AA  returns 0x01 (0007ms, 1182ms total)
T3974 495:583 JLINK_ReadMem (0x41002101, 0x0001 Bytes, ...) -- CPU_ReadMem(1 bytes @ 0x41002101) - Data: AA  returns 0x01 (0007ms, 1189ms total)
T3974 495:790 JLINK_ReadMem (0x41002101, 0x0001 Bytes, ...) -- CPU_ReadMem(1 bytes @ 0x41002101) - Data: AA  returns 0x01 (0007ms, 1196ms total)
T3974 496:026 JLINK_ReadMem (0x41002101, 0x0001 Bytes, ...) -- CPU_ReadMem(1 bytes @ 0x41002101) - Data: AA  returns 0x01 (0007ms, 1203ms total)
T3974 496:233 JLINK_ReadMem (0x41002101, 0x0001 Bytes, ...) -- CPU_ReadMem(1 bytes @ 0x41002101) - Data: AA  returns 0x01 (0006ms, 1209ms total)
T3974 496:439 JLINK_ReadMem (0x41002101, 0x0001 Bytes, ...) -- CPU_ReadMem(1 bytes @ 0x41002101) - Data: AA  returns 0x01 (0007ms, 1216ms total)
T3974 496:676 JLINK_ReadMem (0x41002101, 0x0001 Bytes, ...) -- CPU_ReadMem(1 bytes @ 0x41002101) - Data: AA  returns 0x01 (0007ms, 1223ms total)
T3974 496:883 JLINK_ReadMem (0x41002101, 0x0001 Bytes, ...) -- CPU_ReadMem(1 bytes @ 0x41002101) - Data: AA  returns 0x01 (0007ms, 1230ms total)
T3974 497:090 JLINK_ReadMem (0x41002101, 0x0001 Bytes, ...) -- CPU_ReadMem(1 bytes @ 0x41002101) - Data: AA  returns 0x01 (0007ms, 1237ms total)
T3974 497:326 JLINK_ReadMem (0x41002101, 0x0001 Bytes, ...) -- CPU_ReadMem(1 bytes @ 0x41002101) - Data: AA  returns 0x01 (0007ms, 1244ms total)
T3974 497:533 JLINK_ReadMem (0x41002101, 0x0001 Bytes, ...) -- CPU_ReadMem(1 bytes @ 0x41002101) - Data: AA  returns 0x01 (0006ms, 1250ms total)
T3974 497:739 JLINK_ReadMem (0x41002101, 0x0001 Bytes, ...) -- CPU_ReadMem(1 bytes @ 0x41002101) - Data: AA  returns 0x01 (0006ms, 1256ms total)
T3974 497:976 JLINK_ReadMem (0x41002101, 0x0001 Bytes, ...) -- CPU_ReadMem(1 bytes @ 0x41002101) - Data: AA  returns 0x01 (0007ms, 1263ms total)
T3974 498:183 JLINK_ReadMem (0x41002101, 0x0001 Bytes, ...) -- CPU_ReadMem(1 bytes @ 0x41002101) - Data: AA  returns 0x01 (0007ms, 1270ms total)
T3974 498:390 JLINK_ReadMem (0x41002101, 0x0001 Bytes, ...) -- CPU_ReadMem(1 bytes @ 0x41002101) - Data: AA  returns 0x01 (0007ms, 1277ms total)
T3974 498:626 JLINK_ReadMem (0x41002101, 0x0001 Bytes, ...) -- CPU_ReadMem(1 bytes @ 0x41002101)
  ***** Error: Communication timed out: Requested 5 bytes, received 0 bytes ! - Data: AA  returns 0x01 (0000ms, 1277ms total)
T2C88 498:626 
  ***** Error: Connection to emulator lost! (1057ms, 2334ms total)
T3974 502:857 JLINK_GetHWStatus(...)  returns 0x01 (0000ms, 1277ms total)
T1D2C 503:385 JLINK_EMU_GetList(InterfaceMask = 0x00000001, MaxInfos = 0x00000032)   returns 0x00 (0025ms, 1302ms total)
T1D2C 503:410 JLINK_EMU_GetList(InterfaceMask = 0x00000002, MaxInfos = 0x00000032)   returns 0x00 (0070ms, 1372ms total)
T1D2C 504:924 JLINK_EMU_GetList(InterfaceMask = 0x00000001, MaxInfos = 0x00000032)   returns 0x00 (0018ms, 1390ms total)
T1D2C 504:943 JLINK_EMU_GetList(InterfaceMask = 0x00000002, MaxInfos = 0x00000032)   returns 0x00 (0070ms, 1460ms total)
T1D2C 506:444 JLINK_EMU_GetList(InterfaceMask = 0x00000001, MaxInfos = 0x00000032)   returns 0x00 (0019ms, 1479ms total)
T1D2C 506:463 JLINK_EMU_GetList(InterfaceMask = 0x00000002, MaxInfos = 0x00000032)   returns 0x00 (0069ms, 1548ms total)
T1D2C 508:125 JLINK_EMU_GetList(InterfaceMask = 0x00000001, MaxInfos = 0x00000032)   returns 0x00 (0017ms, 1565ms total)
T1D2C 508:142 JLINK_EMU_GetList(InterfaceMask = 0x00000002, MaxInfos = 0x00000032)   returns 0x00 (0071ms, 1636ms total)
T1D2C 509:697 JLINK_EMU_GetList(InterfaceMask = 0x00000001, MaxInfos = 0x00000032)   returns 0x00 (0024ms, 1660ms total)
T1D2C 509:721 JLINK_EMU_GetList(InterfaceMask = 0x00000002, MaxInfos = 0x00000032)   returns 0x00 (0071ms, 1731ms total)
T1D2C 511:280 JLINK_EMU_GetList(InterfaceMask = 0x00000001, MaxInfos = 0x00000032)   returns 0x00 (0018ms, 1749ms total)
T1D2C 511:298 JLINK_EMU_GetList(InterfaceMask = 0x00000002, MaxInfos = 0x00000032)   returns 0x00 (0071ms, 1820ms total)
T1D2C 512:771 JLINK_EMU_GetList(InterfaceMask = 0x00000001, MaxInfos = 0x00000032)   returns 0x00 (0018ms, 1838ms total)
T1D2C 512:789 JLINK_EMU_GetList(InterfaceMask = 0x00000002, MaxInfos = 0x00000032)   returns 0x00 (0069ms, 1907ms total)
T1D2C 514:284 JLINK_EMU_GetList(InterfaceMask = 0x00000001, MaxInfos = 0x00000032)   returns 0x00 (0019ms, 1926ms total)
T1D2C 514:303 JLINK_EMU_GetList(InterfaceMask = 0x00000002, MaxInfos = 0x00000032)   returns 0x00 (0070ms, 1996ms total)
T1D2C 515:766 JLINK_EMU_GetList(InterfaceMask = 0x00000001, MaxInfos = 0x00000032)   returns 0x00 (0018ms, 2014ms total)
T1D2C 515:784 JLINK_EMU_GetList(InterfaceMask = 0x00000002, MaxInfos = 0x00000032)   returns 0x00 (0070ms, 2084ms total)
T1D2C 517:320 JLINK_EMU_GetList(InterfaceMask = 0x00000001, MaxInfos = 0x00000032)   returns 0x00 (0020ms, 2104ms total)
T1D2C 517:340 JLINK_EMU_GetList(InterfaceMask = 0x00000002, MaxInfos = 0x00000032)   returns 0x00 (0069ms, 2173ms total)
T1D2C 518:918 JLINK_EMU_GetList(InterfaceMask = 0x00000001, MaxInfos = 0x00000032)   returns 0x00 (0022ms, 2195ms total)
T1D2C 518:940 JLINK_EMU_GetList(InterfaceMask = 0x00000002, MaxInfos = 0x00000032)   returns 0x00 (0070ms, 2265ms total)
T1D2C 520:428 JLINK_EMU_GetList(InterfaceMask = 0x00000001, MaxInfos = 0x00000032)   returns 0x00 (0020ms, 2285ms total)
T1D2C 520:448 JLINK_EMU_GetList(InterfaceMask = 0x00000002, MaxInfos = 0x00000032)   returns 0x00 (0069ms, 2354ms total)
T1D2C 521:976 JLINK_EMU_GetList(InterfaceMask = 0x00000001, MaxInfos = 0x00000032)   returns 0x00 (0019ms, 2373ms total)
T1D2C 521:995 JLINK_EMU_GetList(InterfaceMask = 0x00000002, MaxInfos = 0x00000032)   returns 0x00 (0069ms, 2442ms total)
T1D2C 523:600 JLINK_EMU_GetList(InterfaceMask = 0x00000001, MaxInfos = 0x00000032)   returns 0x00 (0019ms, 2461ms total)
T1D2C 523:619 JLINK_EMU_GetList(InterfaceMask = 0x00000002, MaxInfos = 0x00000032)   returns 0x00 (0072ms, 2533ms total)
T1D2C 525:206 JLINK_EMU_GetList(InterfaceMask = 0x00000001, MaxInfos = 0x00000032)   returns 0x00 (0021ms, 2554ms total)
T1D2C 525:228 JLINK_EMU_GetList(InterfaceMask = 0x00000002, MaxInfos = 0x00000032)   returns 0x00 (0070ms, 2624ms total)
T1D2C 526:765 JLINK_EMU_GetList(InterfaceMask = 0x00000001, MaxInfos = 0x00000032)   returns 0x00 (0019ms, 2643ms total)
T1D2C 526:784 JLINK_EMU_GetList(InterfaceMask = 0x00000002, MaxInfos = 0x00000032)   returns 0x00 (0070ms, 2713ms total)
T1D2C 528:284 JLINK_EMU_GetList(InterfaceMask = 0x00000001, MaxInfos = 0x00000032)   returns 0x00 (0018ms, 2731ms total)
T1D2C 528:302 JLINK_EMU_GetList(InterfaceMask = 0x00000002, MaxInfos = 0x00000032)   returns 0x00 (0069ms, 2800ms total)
T1D2C 529:764 JLINK_EMU_GetList(InterfaceMask = 0x00000001, MaxInfos = 0x00000032)   returns 0x00 (0018ms, 2818ms total)
T1D2C 529:782 JLINK_EMU_GetList(InterfaceMask = 0x00000002, MaxInfos = 0x00000032)   returns 0x00 (0069ms, 2887ms total)
T1D2C 531:275 JLINK_EMU_GetList(InterfaceMask = 0x00000001, MaxInfos = 0x00000032)   returns 0x00 (0017ms, 2904ms total)
T1D2C 531:292 JLINK_EMU_GetList(InterfaceMask = 0x00000002, MaxInfos = 0x00000032)   returns 0x00 (0070ms, 2974ms total)
T1D2C 532:814 JLINK_EMU_GetList(InterfaceMask = 0x00000001, MaxInfos = 0x00000032)   returns 0x00 (0018ms, 2992ms total)
T1D2C 532:832 JLINK_EMU_GetList(InterfaceMask = 0x00000002, MaxInfos = 0x00000032)   returns 0x00 (0071ms, 3063ms total)
T1D2C 534:352 JLINK_EMU_GetList(InterfaceMask = 0x00000001, MaxInfos = 0x00000032)   returns 0x00 (0018ms, 3081ms total)
T1D2C 534:370 JLINK_EMU_GetList(InterfaceMask = 0x00000002, MaxInfos = 0x00000032)   returns 0x00 (0070ms, 3151ms total)
T1D2C 535:864 JLINK_EMU_GetList(InterfaceMask = 0x00000001, MaxInfos = 0x00000032)   returns 0x00 (0019ms, 3170ms total)
T1D2C 535:883 JLINK_EMU_GetList(InterfaceMask = 0x00000002, MaxInfos = 0x00000032)   returns 0x00 (0071ms, 3241ms total)
T1D2C 537:383 JLINK_EMU_GetList(InterfaceMask = 0x00000001, MaxInfos = 0x00000032)   returns 0x00 (0017ms, 3258ms total)
T1D2C 537:400 JLINK_EMU_GetList(InterfaceMask = 0x00000002, MaxInfos = 0x00000032)   returns 0x00 (0069ms, 3327ms total)
T1D2C 538:882 JLINK_EMU_GetList(InterfaceMask = 0x00000001, MaxInfos = 0x00000032)   returns 0x00 (0020ms, 3347ms total)
T1D2C 538:902 JLINK_EMU_GetList(InterfaceMask = 0x00000002, MaxInfos = 0x00000032)   returns 0x00 (0070ms, 3417ms total)
T1D2C 540:780 JLINK_EMU_GetList(InterfaceMask = 0x00000001, MaxInfos = 0x00000032)   returns 0x00 (0037ms, 3454ms total)
T1D2C 540:817 JLINK_EMU_GetList(InterfaceMask = 0x00000002, MaxInfos = 0x00000032)   returns 0x00 (0072ms, 3526ms total)
T1D2C 542:626 JLINK_EMU_GetList(InterfaceMask = 0x00000001, MaxInfos = 0x00000032)   returns 0x00 (0024ms, 3550ms total)
T1D2C 542:650 JLINK_EMU_GetList(InterfaceMask = 0x00000002, MaxInfos = 0x00000032)   returns 0x00 (0072ms, 3622ms total)
T1D2C 544:292 JLINK_EMU_GetList(InterfaceMask = 0x00000001, MaxInfos = 0x00000032)   returns 0x00 (0025ms, 3647ms total)
T1D2C 544:317 JLINK_EMU_GetList(InterfaceMask = 0x00000002, MaxInfos = 0x00000032)   returns 0x00 (0069ms, 3716ms total)
T1D2C 546:063 JLINK_EMU_GetList(InterfaceMask = 0x00000001, MaxInfos = 0x00000032)   returns 0x00 (0034ms, 3750ms total)
T1D2C 546:097 JLINK_EMU_GetList(InterfaceMask = 0x00000002, MaxInfos = 0x00000032)   returns 0x00 (0071ms, 3821ms total)
T1D2C 547:810 JLINK_EMU_GetList(InterfaceMask = 0x00000001, MaxInfos = 0x00000032)   returns 0x00 (0024ms, 3845ms total)
T1D2C 547:834 JLINK_EMU_GetList(InterfaceMask = 0x00000002, MaxInfos = 0x00000032)   returns 0x00 (0071ms, 3916ms total)
T1D2C 549:512 JLINK_EMU_GetList(InterfaceMask = 0x00000001, MaxInfos = 0x00000032)   returns 0x00 (0024ms, 3940ms total)
T1D2C 549:536 JLINK_EMU_GetList(InterfaceMask = 0x00000002, MaxInfos = 0x00000032)   returns 0x00 (0074ms, 4014ms total)
T1D2C 551:177 JLINK_EMU_GetList(InterfaceMask = 0x00000001, MaxInfos = 0x00000032)   returns 0x00 (0019ms, 4033ms total)
T1D2C 551:196 JLINK_EMU_GetList(InterfaceMask = 0x00000002, MaxInfos = 0x00000032)   returns 0x00 (0085ms, 4118ms total)
T1D2C 552:893 JLINK_EMU_GetList(InterfaceMask = 0x00000001, MaxInfos = 0x00000032)   returns 0x00 (0020ms, 4138ms total)
T1D2C 552:913 JLINK_EMU_GetList(InterfaceMask = 0x00000002, MaxInfos = 0x00000032)   returns 0x00 (0069ms, 4207ms total)
T1D2C 554:502 JLINK_EMU_GetList(InterfaceMask = 0x00000001, MaxInfos = 0x00000032)   returns 0x00 (0019ms, 4226ms total)
T1D2C 554:521 JLINK_EMU_GetList(InterfaceMask = 0x00000002, MaxInfos = 0x00000032)   returns 0x00 (0069ms, 4295ms total)
T1D2C 556:098 JLINK_EMU_GetList(InterfaceMask = 0x00000001, MaxInfos = 0x00000032)   returns 0x00 (0019ms, 4314ms total)
T1D2C 556:117 JLINK_EMU_GetList(InterfaceMask = 0x00000002, MaxInfos = 0x00000032)   returns 0x00 (0069ms, 4383ms total)
T1D2C 557:712 JLINK_EMU_GetList(InterfaceMask = 0x00000001, MaxInfos = 0x00000032)   returns 0x00 (0027ms, 4410ms total)
T1D2C 557:740 JLINK_EMU_GetList(InterfaceMask = 0x00000002, MaxInfos = 0x00000032)   returns 0x00 (0073ms, 4484ms total)
T1D2C 559:299 JLINK_EMU_GetList(InterfaceMask = 0x00000001, MaxInfos = 0x00000032)   returns 0x00 (0020ms, 4504ms total)
T1D2C 559:319 JLINK_EMU_GetList(InterfaceMask = 0x00000002, MaxInfos = 0x00000032)   returns 0x00 (0069ms, 4573ms total)
T1D2C 560:941 JLINK_EMU_GetList(InterfaceMask = 0x00000001, MaxInfos = 0x00000032)   returns 0x00 (0024ms, 4597ms total)
T1D2C 560:965 JLINK_EMU_GetList(InterfaceMask = 0x00000002, MaxInfos = 0x00000032)   returns 0x00 (0070ms, 4667ms total)
T1D2C 562:518 JLINK_EMU_GetList(InterfaceMask = 0x00000001, MaxInfos = 0x00000032)   returns 0x00 (0019ms, 4686ms total)
T1D2C 562:537 JLINK_EMU_GetList(InterfaceMask = 0x00000002, MaxInfos = 0x00000032)   returns 0x00 (0069ms, 4755ms total)
T1D2C 564:082 JLINK_EMU_GetList(InterfaceMask = 0x00000001, MaxInfos = 0x00000032)   returns 0x00 (0022ms, 4777ms total)
T1D2C 564:104 JLINK_EMU_GetList(InterfaceMask = 0x00000002, MaxInfos = 0x00000032)   returns 0x00 (0069ms, 4846ms total)
T1D2C 565:651 JLINK_EMU_GetList(InterfaceMask = 0x00000001, MaxInfos = 0x00000032)   returns 0x00 (0020ms, 4866ms total)
T1D2C 565:671 JLINK_EMU_GetList(InterfaceMask = 0x00000002, MaxInfos = 0x00000032)   returns 0x00 (0069ms, 4935ms total)
T1D2C 567:245 JLINK_EMU_GetList(InterfaceMask = 0x00000001, MaxInfos = 0x00000032)   returns 0x00 (0019ms, 4954ms total)
T1D2C 567:264 JLINK_EMU_GetList(InterfaceMask = 0x00000002, MaxInfos = 0x00000032)   returns 0x00 (0069ms, 5023ms total)
T1D2C 568:831 JLINK_EMU_GetList(InterfaceMask = 0x00000001, MaxInfos = 0x00000032)   returns 0x00 (0020ms, 5043ms total)
T1D2C 568:851 JLINK_EMU_GetList(InterfaceMask = 0x00000002, MaxInfos = 0x00000032)   returns 0x00 (0069ms, 5112ms total)
T1D2C 570:390 JLINK_EMU_GetList(InterfaceMask = 0x00000001, MaxInfos = 0x00000032)   returns 0x00 (0018ms, 5130ms total)
T1D2C 570:408 JLINK_EMU_GetList(InterfaceMask = 0x00000002, MaxInfos = 0x00000032)   returns 0x00 (0070ms, 5200ms total)
T1D2C 572:063 JLINK_EMU_GetList(InterfaceMask = 0x00000001, MaxInfos = 0x00000032)   returns 0x00 (0018ms, 5218ms total)
T1D2C 572:081 JLINK_EMU_GetList(InterfaceMask = 0x00000002, MaxInfos = 0x00000032)   returns 0x00 (0071ms, 5289ms total)
T1D2C 573:649 JLINK_EMU_GetList(InterfaceMask = 0x00000001, MaxInfos = 0x00000032)   returns 0x00 (0018ms, 5307ms total)
T1D2C 573:667 JLINK_EMU_GetList(InterfaceMask = 0x00000002, MaxInfos = 0x00000032)   returns 0x00 (0069ms, 5376ms total)
T1D2C 575:223 JLINK_EMU_GetList(InterfaceMask = 0x00000001, MaxInfos = 0x00000032)   returns 0x00 (0015ms, 5391ms total)
T1D2C 575:238 JLINK_EMU_GetList(InterfaceMask = 0x00000002, MaxInfos = 0x00000032)   returns 0x00 (0070ms, 5461ms total)
T1D2C 576:795 JLINK_EMU_GetList(InterfaceMask = 0x00000001, MaxInfos = 0x00000032)   returns 0x00 (0018ms, 5479ms total)
T1D2C 576:813 JLINK_EMU_GetList(InterfaceMask = 0x00000002, MaxInfos = 0x00000032)   returns 0x00 (0069ms, 5548ms total)
T1D2C 578:401 JLINK_EMU_GetList(InterfaceMask = 0x00000001, MaxInfos = 0x00000032)   returns 0x00 (0018ms, 5566ms total)
T1D2C 578:419 JLINK_EMU_GetList(InterfaceMask = 0x00000002, MaxInfos = 0x00000032)   returns 0x00 (0069ms, 5635ms total)
T1D2C 579:971 JLINK_EMU_GetList(InterfaceMask = 0x00000001, MaxInfos = 0x00000032)   returns 0x00 (0018ms, 5653ms total)
T1D2C 579:989 JLINK_EMU_GetList(InterfaceMask = 0x00000002, MaxInfos = 0x00000032)   returns 0x00 (0070ms, 5723ms total)
T1D2C 581:527 JLINK_EMU_GetList(InterfaceMask = 0x00000001, MaxInfos = 0x00000032)   returns 0x00 (0018ms, 5741ms total)
T1D2C 581:545 JLINK_EMU_GetList(InterfaceMask = 0x00000002, MaxInfos = 0x00000032)   returns 0x00 (0071ms, 5812ms total)
T1D2C 583:087 JLINK_EMU_GetList(InterfaceMask = 0x00000001, MaxInfos = 0x00000032)   returns 0x00 (0018ms, 5830ms total)
T1D2C 583:105 JLINK_EMU_GetList(InterfaceMask = 0x00000002, MaxInfos = 0x00000032)   returns 0x00 (0070ms, 5900ms total)
T1D2C 584:654 JLINK_EMU_GetList(InterfaceMask = 0x00000001, MaxInfos = 0x00000032)   returns 0x00 (0021ms, 5921ms total)
T1D2C 584:675 JLINK_EMU_GetList(InterfaceMask = 0x00000002, MaxInfos = 0x00000032)   returns 0x00 (0070ms, 5991ms total)
T1D2C 586:236 JLINK_EMU_GetList(InterfaceMask = 0x00000001, MaxInfos = 0x00000032)   returns 0x00 (0019ms, 6010ms total)
T1D2C 586:255 JLINK_EMU_GetList(InterfaceMask = 0x00000002, MaxInfos = 0x00000032)   returns 0x00 (0069ms, 6079ms total)
T1D2C 587:803 JLINK_EMU_GetList(InterfaceMask = 0x00000001, MaxInfos = 0x00000032)   returns 0x00 (0019ms, 6098ms total)
T1D2C 587:822 JLINK_EMU_GetList(InterfaceMask = 0x00000002, MaxInfos = 0x00000032)   returns 0x00 (0070ms, 6168ms total)
T1D2C 589:401 JLINK_EMU_GetList(InterfaceMask = 0x00000001, MaxInfos = 0x00000032)   returns 0x00 (0019ms, 6187ms total)
T1D2C 589:420 JLINK_EMU_GetList(InterfaceMask = 0x00000002, MaxInfos = 0x00000032)   returns 0x00 (0069ms, 6256ms total)
T1D2C 591:021 JLINK_EMU_GetList(InterfaceMask = 0x00000001, MaxInfos = 0x00000032)   returns 0x00 (0026ms, 6282ms total)
T1D2C 591:047 JLINK_EMU_GetList(InterfaceMask = 0x00000002, MaxInfos = 0x00000032)   returns 0x00 (0167ms, 6449ms total)
T1D2C 592:721 JLINK_EMU_GetList(InterfaceMask = 0x00000001, MaxInfos = 0x00000032)   returns 0x00 (0018ms, 6467ms total)
T1D2C 592:739 JLINK_EMU_GetList(InterfaceMask = 0x00000002, MaxInfos = 0x00000032)   returns 0x00 (0069ms, 6536ms total)
T1D2C 594:313 JLINK_EMU_GetList(InterfaceMask = 0x00000001, MaxInfos = 0x00000032)   returns 0x00 (0019ms, 6555ms total)
T1D2C 594:332 JLINK_EMU_GetList(InterfaceMask = 0x00000002, MaxInfos = 0x00000032)   returns 0x00 (0069ms, 6624ms total)
T1D2C 595:912 JLINK_EMU_GetList(InterfaceMask = 0x00000001, MaxInfos = 0x00000032)   returns 0x00 (0021ms, 6645ms total)
T1D2C 595:933 JLINK_EMU_GetList(InterfaceMask = 0x00000002, MaxInfos = 0x00000032)   returns 0x00 (0069ms, 6714ms total)
T1D2C 597:501 JLINK_EMU_GetList(InterfaceMask = 0x00000001, MaxInfos = 0x00000032)   returns 0x00 (0019ms, 6733ms total)
T1D2C 597:520 JLINK_EMU_GetList(InterfaceMask = 0x00000002, MaxInfos = 0x00000032)   returns 0x00 (0070ms, 6803ms total)
T1D2C 599:132 JLINK_EMU_GetList(InterfaceMask = 0x00000001, MaxInfos = 0x00000032)   returns 0x00 (0020ms, 6823ms total)
T1D2C 599:152 JLINK_EMU_GetList(InterfaceMask = 0x00000002, MaxInfos = 0x00000032)   returns 0x00 (0069ms, 6892ms total)
T1D2C 600:711 JLINK_EMU_GetList(InterfaceMask = 0x00000001, MaxInfos = 0x00000032)   returns 0x00 (0019ms, 6911ms total)
T1D2C 600:730 JLINK_EMU_GetList(InterfaceMask = 0x00000002, MaxInfos = 0x00000032)   returns 0x00 (0069ms, 6980ms total)
T1D2C 602:276 JLINK_EMU_GetList(InterfaceMask = 0x00000001, MaxInfos = 0x00000032)   returns 0x00 (0018ms, 6998ms total)
T1D2C 602:294 JLINK_EMU_GetList(InterfaceMask = 0x00000002, MaxInfos = 0x00000032)   returns 0x00 (0069ms, 7067ms total)
T1D2C 603:871 JLINK_EMU_GetList(InterfaceMask = 0x00000001, MaxInfos = 0x00000032)   returns 0x00 (0021ms, 7088ms total)
T1D2C 603:892 JLINK_EMU_GetList(InterfaceMask = 0x00000002, MaxInfos = 0x00000032)   returns 0x00 (0070ms, 7158ms total)
T1D2C 605:449 JLINK_EMU_GetList(InterfaceMask = 0x00000001, MaxInfos = 0x00000032)   returns 0x00 (0018ms, 7176ms total)
T1D2C 605:467 JLINK_EMU_GetList(InterfaceMask = 0x00000002, MaxInfos = 0x00000032)   returns 0x00 (0070ms, 7246ms total)
T1D2C 607:045 JLINK_EMU_GetList(InterfaceMask = 0x00000001, MaxInfos = 0x00000032)   returns 0x00 (0024ms, 7270ms total)
T1D2C 607:069 JLINK_EMU_GetList(InterfaceMask = 0x00000002, MaxInfos = 0x00000032)   returns 0x00 (0069ms, 7339ms total)
T1D2C 608:641 JLINK_EMU_GetList(InterfaceMask = 0x00000001, MaxInfos = 0x00000032)   returns 0x00 (0020ms, 7359ms total)
T1D2C 608:661 JLINK_EMU_GetList(InterfaceMask = 0x00000002, MaxInfos = 0x00000032)   returns 0x00 (0070ms, 7429ms total)
T1D2C 610:323 JLINK_EMU_GetList(InterfaceMask = 0x00000001, MaxInfos = 0x00000032)   returns 0x00 (0023ms, 7452ms total)
T1D2C 610:346 JLINK_EMU_GetList(InterfaceMask = 0x00000002, MaxInfos = 0x00000032)   returns 0x00 (0071ms, 7523ms total)
T1D2C 613:093 JLINK_EMU_GetList(InterfaceMask = 0x00000001, MaxInfos = 0x00000032)   returns 0x00 (0020ms, 7543ms total)
T1D2C 613:113 JLINK_EMU_GetList(InterfaceMask = 0x00000002, MaxInfos = 0x00000032)   returns 0x00 (0072ms, 7615ms total)
T1D2C 616:049 JLINK_EMU_GetList(InterfaceMask = 0x00000001, MaxInfos = 0x00000032)   returns 0x00 (0023ms, 7638ms total)
T1D2C 616:072 JLINK_EMU_GetList(InterfaceMask = 0x00000002, MaxInfos = 0x00000032)   returns 0x00 (0071ms, 7709ms total)
T1D2C 617:806 JLINK_EMU_GetList(InterfaceMask = 0x00000001, MaxInfos = 0x00000032)   returns 0x00 (0026ms, 7735ms total)
T1D2C 617:832 JLINK_EMU_GetList(InterfaceMask = 0x00000002, MaxInfos = 0x00000032)   returns 0x00 (0069ms, 7804ms total)
T1D2C 619:450 JLINK_EMU_GetList(InterfaceMask = 0x00000001, MaxInfos = 0x00000032)   returns 0x00 (0021ms, 7825ms total)
T1D2C 619:471 JLINK_EMU_GetList(InterfaceMask = 0x00000002, MaxInfos = 0x00000032)   returns 0x00 (0070ms, 7895ms total)
T36B4 1308:438 JLINK_EMU_GetList(InterfaceMask = 0x00000001, MaxInfos = 0x00000032)   returns 0x00 (0042ms, 7937ms total)
T36B4 1308:480 JLINK_EMU_GetList(InterfaceMask = 0x00000002, MaxInfos = 0x00000032)   returns 0x00 (0085ms, 8022ms total)
T36B4 1310:087 JLINK_EMU_GetList(InterfaceMask = 0x00000001, MaxInfos = 0x00000032)   returns 0x00 (0024ms, 8046ms total)
T36B4 1310:111 JLINK_EMU_GetList(InterfaceMask = 0x00000002, MaxInfos = 0x00000032)   returns 0x00 (0069ms, 8115ms total)
T36B4 1311:720 JLINK_EMU_GetList(InterfaceMask = 0x00000001, MaxInfos = 0x00000032)   returns 0x00 (0020ms, 8135ms total)
T36B4 1311:740 JLINK_EMU_GetList(InterfaceMask = 0x00000002, MaxInfos = 0x00000032)   returns 0x00 (0069ms, 8204ms total)
T36B4 1313:219 JLINK_EMU_GetList(InterfaceMask = 0x00000001, MaxInfos = 0x00000032)   returns 0x00 (0025ms, 8229ms total)
T36B4 1313:244 JLINK_EMU_GetList(InterfaceMask = 0x00000002, MaxInfos = 0x00000032)   returns 0x00 (0069ms, 8298ms total)
T36B4 1314:735 JLINK_EMU_GetList(InterfaceMask = 0x00000001, MaxInfos = 0x00000032)   returns 0x00 (0018ms, 8316ms total)
T36B4 1314:753 JLINK_EMU_GetList(InterfaceMask = 0x00000002, MaxInfos = 0x00000032)   returns 0x00 (0069ms, 8385ms total)
T36B4 1316:218 JLINK_EMU_GetList(InterfaceMask = 0x00000001, MaxInfos = 0x00000032)   returns 0x00 (0016ms, 8401ms total)
T36B4 1316:234 JLINK_EMU_GetList(InterfaceMask = 0x00000002, MaxInfos = 0x00000032)   returns 0x00 (0070ms, 8471ms total)
T36B4 1317:740 JLINK_EMU_GetList(InterfaceMask = 0x00000001, MaxInfos = 0x00000032)   returns 0x00 (0017ms, 8488ms total)
T36B4 1317:757 JLINK_EMU_GetList(InterfaceMask = 0x00000002, MaxInfos = 0x00000032)   returns 0x00 (0069ms, 8557ms total)
T36B4 1319:325 JLINK_EMU_GetList(InterfaceMask = 0x00000001, MaxInfos = 0x00000032)   returns 0x00 (0018ms, 8575ms total)
T36B4 1319:343 JLINK_EMU_GetList(InterfaceMask = 0x00000002, MaxInfos = 0x00000032)   returns 0x00 (0069ms, 8644ms total)
T36B4 1320:843 JLINK_EMU_GetList(InterfaceMask = 0x00000001, MaxInfos = 0x00000032)   returns 0x00 (0018ms, 8662ms total)
T36B4 1320:861 JLINK_EMU_GetList(InterfaceMask = 0x00000002, MaxInfos = 0x00000032)   returns 0x00 (0070ms, 8732ms total)
T36B4 1322:370 JLINK_EMU_GetList(InterfaceMask = 0x00000001, MaxInfos = 0x00000032)   returns 0x00 (0018ms, 8750ms total)
T36B4 1322:388 JLINK_EMU_GetList(InterfaceMask = 0x00000002, MaxInfos = 0x00000032)   returns 0x00 (0069ms, 8819ms total)
T36B4 1323:875 JLINK_EMU_GetList(InterfaceMask = 0x00000001, MaxInfos = 0x00000032)   returns 0x00 (0018ms, 8837ms total)
T36B4 1323:893 JLINK_EMU_GetList(InterfaceMask = 0x00000002, MaxInfos = 0x00000032)   returns 0x00 (0070ms, 8907ms total)
T36B4 1325:370 JLINK_EMU_GetList(InterfaceMask = 0x00000001, MaxInfos = 0x00000032)   returns 0x00 (0026ms, 8933ms total)
T36B4 1325:397 JLINK_EMU_GetList(InterfaceMask = 0x00000002, MaxInfos = 0x00000032)   returns 0x00 (0071ms, 9004ms total)
T36B4 1326:874 JLINK_EMU_GetList(InterfaceMask = 0x00000001, MaxInfos = 0x00000032)   returns 0x00 (0018ms, 9022ms total)
T36B4 1326:892 JLINK_EMU_GetList(InterfaceMask = 0x00000002, MaxInfos = 0x00000032)   returns 0x00 (0069ms, 9091ms total)
T36B4 1328:387 JLINK_EMU_GetList(InterfaceMask = 0x00000001, MaxInfos = 0x00000032)   returns 0x00 (0016ms, 9107ms total)
T36B4 1328:403 JLINK_EMU_GetList(InterfaceMask = 0x00000002, MaxInfos = 0x00000032)   returns 0x00 (0079ms, 9186ms total)
T36B4 1329:941 JLINK_EMU_GetList(InterfaceMask = 0x00000001, MaxInfos = 0x00000032)   returns 0x00 (0018ms, 9204ms total)
T36B4 1329:959 JLINK_EMU_GetList(InterfaceMask = 0x00000002, MaxInfos = 0x00000032)   returns 0x00 (0069ms, 9273ms total)
T36B4 1331:494 JLINK_EMU_GetList(InterfaceMask = 0x00000001, MaxInfos = 0x00000032)   returns 0x00 (0017ms, 9290ms total)
T36B4 1331:511 JLINK_EMU_GetList(InterfaceMask = 0x00000002, MaxInfos = 0x00000032)   returns 0x00 (0069ms, 9359ms total)
T36B4 1333:025 JLINK_EMU_GetList(InterfaceMask = 0x00000001, MaxInfos = 0x00000032)   returns 0x00 (0018ms, 9377ms total)
T36B4 1333:043 JLINK_EMU_GetList(InterfaceMask = 0x00000002, MaxInfos = 0x00000032)   returns 0x00 (0069ms, 9446ms total)
T36B4 1334:515 JLINK_EMU_GetList(InterfaceMask = 0x00000001, MaxInfos = 0x00000032)   returns 0x00 (0027ms, 9473ms total)
T36B4 1334:542 JLINK_EMU_GetList(InterfaceMask = 0x00000002, MaxInfos = 0x00000032)   returns 0x00 (0070ms, 9543ms total)
T36B4 1336:041 JLINK_EMU_GetList(InterfaceMask = 0x00000001, MaxInfos = 0x00000032)   returns 0x00 (0018ms, 9561ms total)
T36B4 1336:059 JLINK_EMU_GetList(InterfaceMask = 0x00000002, MaxInfos = 0x00000032)   returns 0x00 (0069ms, 9630ms total)
T36B4 1337:677 JLINK_EMU_GetList(InterfaceMask = 0x00000001, MaxInfos = 0x00000032)   returns 0x00 (0018ms, 9648ms total)
T36B4 1337:695 JLINK_EMU_GetList(InterfaceMask = 0x00000002, MaxInfos = 0x00000032)   returns 0x00 (0070ms, 9718ms total)
T36B4 1339:240 JLINK_EMU_GetList(InterfaceMask = 0x00000001, MaxInfos = 0x00000032)   returns 0x00 (0019ms, 9737ms total)
T36B4 1339:259 JLINK_EMU_GetList(InterfaceMask = 0x00000002, MaxInfos = 0x00000032)   returns 0x00 (0069ms, 9806ms total)
T36B4 1340:785 JLINK_EMU_GetList(InterfaceMask = 0x00000001, MaxInfos = 0x00000032)   returns 0x00 (0017ms, 9823ms total)
T36B4 1340:802 JLINK_EMU_GetList(InterfaceMask = 0x00000002, MaxInfos = 0x00000032)   returns 0x00 (0070ms, 9893ms total)
T4834 28145:014 JLINK_EMU_GetList(InterfaceMask = 0x00000001, MaxInfos = 0x00000032)   returns 0x00 (0032ms, 9925ms total)
T4834 28145:046 JLINK_EMU_GetList(InterfaceMask = 0x00000002, MaxInfos = 0x00000032)   returns 0x00 (0083ms, 10008ms total)
T4834 28146:754 JLINK_EMU_GetList(InterfaceMask = 0x00000001, MaxInfos = 0x00000032)   returns 0x00 (0022ms, 10030ms total)
T4834 28146:776 JLINK_EMU_GetList(InterfaceMask = 0x00000002, MaxInfos = 0x00000032)   returns 0x00 (0071ms, 10101ms total)
T4834 28148:381 JLINK_EMU_GetList(InterfaceMask = 0x00000001, MaxInfos = 0x00000032)   returns 0x00 (0014ms, 10115ms total)
T4834 28148:395 JLINK_EMU_GetList(InterfaceMask = 0x00000002, MaxInfos = 0x00000032)   returns 0x00 (0071ms, 10186ms total)
T4834 28149:927 JLINK_EMU_GetList(InterfaceMask = 0x00000001, MaxInfos = 0x00000032)   returns 0x00 (0022ms, 10208ms total)
T4834 28149:949 JLINK_EMU_GetList(InterfaceMask = 0x00000002, MaxInfos = 0x00000032)   returns 0x00 (0069ms, 10277ms total)
T4834 28151:451 JLINK_EMU_GetList(InterfaceMask = 0x00000001, MaxInfos = 0x00000032)   returns 0x00 (0021ms, 10298ms total)
T4834 28151:472 JLINK_EMU_GetList(InterfaceMask = 0x00000002, MaxInfos = 0x00000032)   returns 0x00 (0071ms, 10369ms total)
T4834 28153:013 JLINK_EMU_GetList(InterfaceMask = 0x00000001, MaxInfos = 0x00000032)   returns 0x00 (0024ms, 10393ms total)
T4834 28153:037 JLINK_EMU_GetList(InterfaceMask = 0x00000002, MaxInfos = 0x00000032)   returns 0x00 (0071ms, 10464ms total)
T4834 28154:573 JLINK_EMU_GetList(InterfaceMask = 0x00000001, MaxInfos = 0x00000032)   returns 0x00 (0020ms, 10484ms total)
T4834 28154:593 JLINK_EMU_GetList(InterfaceMask = 0x00000002, MaxInfos = 0x00000032)   returns 0x00 (0071ms, 10555ms total)
T4834 28156:106 JLINK_EMU_GetList(InterfaceMask = 0x00000001, MaxInfos = 0x00000032)   returns 0x00 (0017ms, 10572ms total)
T4834 28156:123 JLINK_EMU_GetList(InterfaceMask = 0x00000002, MaxInfos = 0x00000032)   returns 0x00 (0071ms, 10643ms total)
T4834 28157:670 JLINK_EMU_GetList(InterfaceMask = 0x00000001, MaxInfos = 0x00000032)   returns 0x00 (0024ms, 10667ms total)
T4834 28157:694 JLINK_EMU_GetList(InterfaceMask = 0x00000002, MaxInfos = 0x00000032)   returns 0x00 (0070ms, 10737ms total)
T4834 28159:222 JLINK_EMU_GetList(InterfaceMask = 0x00000001, MaxInfos = 0x00000032)   returns 0x00 (0021ms, 10758ms total)
T4834 28159:243 JLINK_EMU_GetList(InterfaceMask = 0x00000002, MaxInfos = 0x00000032)   returns 0x00 (0070ms, 10828ms total)
T4834 28160:759 JLINK_EMU_GetList(InterfaceMask = 0x00000001, MaxInfos = 0x00000032)   returns 0x00 (0020ms, 10848ms total)
T4834 28160:779 JLINK_EMU_GetList(InterfaceMask = 0x00000002, MaxInfos = 0x00000032)   returns 0x00 (0069ms, 10917ms total)
T4834 28162:307 JLINK_EMU_GetList(InterfaceMask = 0x00000001, MaxInfos = 0x00000032)   returns 0x00 (0018ms, 10935ms total)
T4834 28162:325 JLINK_EMU_GetList(InterfaceMask = 0x00000002, MaxInfos = 0x00000032)   returns 0x00 (0070ms, 11005ms total)
T4834 28163:901 JLINK_EMU_GetList(InterfaceMask = 0x00000001, MaxInfos = 0x00000032)   returns 0x00 (0017ms, 11022ms total)
T4834 28163:918 JLINK_EMU_GetList(InterfaceMask = 0x00000002, MaxInfos = 0x00000032)   returns 0x00 (0070ms, 11092ms total)
T4834 28165:755 JLINK_EMU_GetList(InterfaceMask = 0x00000001, MaxInfos = 0x00000032)   returns 0x00 (0025ms, 11117ms total)
T4834 28165:780 JLINK_EMU_GetList(InterfaceMask = 0x00000002, MaxInfos = 0x00000032)   returns 0x00 (0070ms, 11187ms total)
T4834 28167:310 JLINK_EMU_GetList(InterfaceMask = 0x00000001, MaxInfos = 0x00000032)   returns 0x00 (0019ms, 11206ms total)
T4834 28167:329 JLINK_EMU_GetList(InterfaceMask = 0x00000002, MaxInfos = 0x00000032)   returns 0x00 (0070ms, 11276ms total)
T4834 28168:814 JLINK_EMU_GetList(InterfaceMask = 0x00000001, MaxInfos = 0x00000032)   returns 0x00 (0018ms, 11294ms total)
T4834 28168:832 JLINK_EMU_GetList(InterfaceMask = 0x00000002, MaxInfos = 0x00000032)   returns 0x00 (0069ms, 11363ms total)
T4834 28170:385 JLINK_EMU_GetList(InterfaceMask = 0x00000001, MaxInfos = 0x00000032)   returns 0x00 (0022ms, 11385ms total)
T4834 28170:407 JLINK_EMU_GetList(InterfaceMask = 0x00000002, MaxInfos = 0x00000032)   returns 0x00 (0070ms, 11455ms total)
T4834 28171:992 JLINK_EMU_GetList(InterfaceMask = 0x00000001, MaxInfos = 0x00000032)   returns 0x00 (0024ms, 11479ms total)
T4834 28172:016 JLINK_EMU_GetList(InterfaceMask = 0x00000002, MaxInfos = 0x00000032)   returns 0x00 (0070ms, 11549ms total)
T4834 28173:603 JLINK_EMU_GetList(InterfaceMask = 0x00000001, MaxInfos = 0x00000032)   returns 0x00 (0023ms, 11572ms total)
T4834 28173:626 JLINK_EMU_GetList(InterfaceMask = 0x00000002, MaxInfos = 0x00000032)   returns 0x00 (0071ms, 11643ms total)
T4834 28175:107 JLINK_EMU_GetList(InterfaceMask = 0x00000001, MaxInfos = 0x00000032)   returns 0x00 (0021ms, 11664ms total)
T4834 28175:128 JLINK_EMU_GetList(InterfaceMask = 0x00000002, MaxInfos = 0x00000032)   returns 0x00 (0069ms, 11733ms total)
T4834 28176:602 JLINK_EMU_GetList(InterfaceMask = 0x00000001, MaxInfos = 0x00000032)   returns 0x00 (0018ms, 11751ms total)
T4834 28176:620 JLINK_EMU_GetList(InterfaceMask = 0x00000002, MaxInfos = 0x00000032)   returns 0x00 (0069ms, 11820ms total)
T4834 28178:102 JLINK_EMU_GetList(InterfaceMask = 0x00000001, MaxInfos = 0x00000032)   returns 0x00 (0021ms, 11841ms total)
T4834 28178:123 JLINK_EMU_GetList(InterfaceMask = 0x00000002, MaxInfos = 0x00000032)   returns 0x00 (0069ms, 11910ms total)
T4834 28179:608 JLINK_EMU_GetList(InterfaceMask = 0x00000001, MaxInfos = 0x00000032)   returns 0x00 (0018ms, 11928ms total)
T4834 28179:626 JLINK_EMU_GetList(InterfaceMask = 0x00000002, MaxInfos = 0x00000032)   returns 0x00 (0069ms, 11997ms total)
T4834 28181:108 JLINK_EMU_GetList(InterfaceMask = 0x00000001, MaxInfos = 0x00000032)   returns 0x00 (0018ms, 12015ms total)
T4834 28181:126 JLINK_EMU_GetList(InterfaceMask = 0x00000002, MaxInfos = 0x00000032)   returns 0x00 (0069ms, 12084ms total)
T4834 28182:615 JLINK_EMU_GetList(InterfaceMask = 0x00000001, MaxInfos = 0x00000032)   returns 0x00 (0019ms, 12103ms total)
T4834 28182:634 JLINK_EMU_GetList(InterfaceMask = 0x00000002, MaxInfos = 0x00000032)   returns 0x00 (0069ms, 12172ms total)
T4834 28184:102 JLINK_EMU_GetList(InterfaceMask = 0x00000001, MaxInfos = 0x00000032)   returns 0x00 (0019ms, 12191ms total)
T4834 28184:121 JLINK_EMU_GetList(InterfaceMask = 0x00000002, MaxInfos = 0x00000032)   returns 0x00 (0070ms, 12261ms total)
T4834 28185:608 JLINK_EMU_GetList(InterfaceMask = 0x00000001, MaxInfos = 0x00000032)   returns 0x00 (0017ms, 12278ms total)
T4834 28185:625 JLINK_EMU_GetList(InterfaceMask = 0x00000002, MaxInfos = 0x00000032)   returns 0x00 (0069ms, 12347ms total)
T4834 28187:109 JLINK_EMU_GetList(InterfaceMask = 0x00000001, MaxInfos = 0x00000032)   returns 0x00 (0019ms, 12366ms total)
T4834 28187:128 JLINK_EMU_GetList(InterfaceMask = 0x00000002, MaxInfos = 0x00000032)   returns 0x00 (0069ms, 12435ms total)
T4834 28188:597 JLINK_EMU_GetList(InterfaceMask = 0x00000001, MaxInfos = 0x00000032)   returns 0x00 (0019ms, 12454ms total)
T4834 28188:616 JLINK_EMU_GetList(InterfaceMask = 0x00000002, MaxInfos = 0x00000032)   returns 0x00 (0069ms, 12523ms total)
T4834 28190:112 JLINK_EMU_GetList(InterfaceMask = 0x00000001, MaxInfos = 0x00000032)   returns 0x00 (0018ms, 12541ms total)
T4834 28190:130 JLINK_EMU_GetList(InterfaceMask = 0x00000002, MaxInfos = 0x00000032)   returns 0x00 (0073ms, 12614ms total)
T4834 28191:604 JLINK_EMU_GetList(InterfaceMask = 0x00000001, MaxInfos = 0x00000032)   returns 0x00 (0017ms, 12631ms total)
T4834 28191:621 JLINK_EMU_GetList(InterfaceMask = 0x00000002, MaxInfos = 0x00000032)   returns 0x00 (0069ms, 12700ms total)
T4834 28193:103 JLINK_EMU_GetList(InterfaceMask = 0x00000001, MaxInfos = 0x00000032)   returns 0x00 (0017ms, 12717ms total)
T4834 28193:120 JLINK_EMU_GetList(InterfaceMask = 0x00000002, MaxInfos = 0x00000032)   returns 0x00 (0070ms, 12787ms total)
T4834 28194:629 JLINK_EMU_GetList(InterfaceMask = 0x00000001, MaxInfos = 0x00000032)   returns 0x00 (0019ms, 12806ms total)
T4834 28194:648 JLINK_EMU_GetList(InterfaceMask = 0x00000002, MaxInfos = 0x00000032)   returns 0x00 (0069ms, 12875ms total)
T4834 28196:114 JLINK_EMU_GetList(InterfaceMask = 0x00000001, MaxInfos = 0x00000032)   returns 0x00 (0017ms, 12892ms total)
T4834 28196:131 JLINK_EMU_GetList(InterfaceMask = 0x00000002, MaxInfos = 0x00000032)   returns 0x00 (0070ms, 12962ms total)
T4834 28197:604 JLINK_EMU_GetList(InterfaceMask = 0x00000001, MaxInfos = 0x00000032)   returns 0x00 (0018ms, 12980ms total)
T4834 28197:622 JLINK_EMU_GetList(InterfaceMask = 0x00000002, MaxInfos = 0x00000032)   returns 0x00 (0070ms, 13050ms total)
T4834 28199:106 JLINK_EMU_GetList(InterfaceMask = 0x00000001, MaxInfos = 0x00000032)   returns 0x00 (0017ms, 13067ms total)
T4834 28199:123 JLINK_EMU_GetList(InterfaceMask = 0x00000002, MaxInfos = 0x00000032)   returns 0x00 (0070ms, 13137ms total)
T4834 28200:609 JLINK_EMU_GetList(InterfaceMask = 0x00000001, MaxInfos = 0x00000032)   returns 0x00 (0018ms, 13155ms total)
T4834 28200:627 JLINK_EMU_GetList(InterfaceMask = 0x00000002, MaxInfos = 0x00000032)   returns 0x00 (0069ms, 13224ms total)
T4834 28202:108 JLINK_EMU_GetList(InterfaceMask = 0x00000001, MaxInfos = 0x00000032)   returns 0x00 (0018ms, 13242ms total)
T4834 28202:126 JLINK_EMU_GetList(InterfaceMask = 0x00000002, MaxInfos = 0x00000032)   returns 0x00 (0069ms, 13311ms total)
T4834 28203:605 JLINK_EMU_GetList(InterfaceMask = 0x00000001, MaxInfos = 0x00000032)   returns 0x00 (0015ms, 13326ms total)
T4834 28203:620 JLINK_EMU_GetList(InterfaceMask = 0x00000002, MaxInfos = 0x00000032)   returns 0x00 (0070ms, 13396ms total)
T4834 28205:101 JLINK_EMU_GetList(InterfaceMask = 0x00000001, MaxInfos = 0x00000032)   returns 0x00 (0018ms, 13414ms total)
T4834 28205:119 JLINK_EMU_GetList(InterfaceMask = 0x00000002, MaxInfos = 0x00000032)   returns 0x00 (0069ms, 13483ms total)
T4834 28206:606 JLINK_EMU_GetList(InterfaceMask = 0x00000001, MaxInfos = 0x00000032)   returns 0x00 (0017ms, 13500ms total)
T4834 28206:623 JLINK_EMU_GetList(InterfaceMask = 0x00000002, MaxInfos = 0x00000032)   returns 0x00 (0069ms, 13569ms total)
T4834 28208:101 JLINK_EMU_GetList(InterfaceMask = 0x00000001, MaxInfos = 0x00000032)   returns 0x00 (0017ms, 13586ms total)
T4834 28208:118 JLINK_EMU_GetList(InterfaceMask = 0x00000002, MaxInfos = 0x00000032)   returns 0x00 (0071ms, 13657ms total)
T4834 28209:598 JLINK_EMU_GetList(InterfaceMask = 0x00000001, MaxInfos = 0x00000032)   returns 0x00 (0019ms, 13676ms total)
T4834 28209:617 JLINK_EMU_GetList(InterfaceMask = 0x00000002, MaxInfos = 0x00000032)   returns 0x00 (0069ms, 13745ms total)
T4834 28211:112 JLINK_EMU_GetList(InterfaceMask = 0x00000001, MaxInfos = 0x00000032)   returns 0x00 (0019ms, 13764ms total)
T4834 28211:131 JLINK_EMU_GetList(InterfaceMask = 0x00000002, MaxInfos = 0x00000032)   returns 0x00 (0069ms, 13833ms total)
T4834 28212:613 JLINK_EMU_GetList(InterfaceMask = 0x00000001, MaxInfos = 0x00000032)   returns 0x00 (0018ms, 13851ms total)
T4834 28212:631 JLINK_EMU_GetList(InterfaceMask = 0x00000002, MaxInfos = 0x00000032)   returns 0x00 (0069ms, 13920ms total)
T4834 28214:105 JLINK_EMU_GetList(InterfaceMask = 0x00000001, MaxInfos = 0x00000032)   returns 0x00 (0017ms, 13937ms total)
T4834 28214:122 JLINK_EMU_GetList(InterfaceMask = 0x00000002, MaxInfos = 0x00000032)   returns 0x00 (0070ms, 14007ms total)
T4834 28215:600 JLINK_EMU_GetList(InterfaceMask = 0x00000001, MaxInfos = 0x00000032)   returns 0x00 (0017ms, 14024ms total)
T4834 28215:617 JLINK_EMU_GetList(InterfaceMask = 0x00000002, MaxInfos = 0x00000032)   returns 0x00 (0070ms, 14094ms total)
T4834 28217:143 JLINK_EMU_GetList(InterfaceMask = 0x00000001, MaxInfos = 0x00000032)   returns 0x00 (0017ms, 14111ms total)
T4834 28217:160 JLINK_EMU_GetList(InterfaceMask = 0x00000002, MaxInfos = 0x00000032)   returns 0x00 (0069ms, 14180ms total)
T4834 28218:654 JLINK_EMU_GetList(InterfaceMask = 0x00000001, MaxInfos = 0x00000032)   returns 0x00 (0018ms, 14198ms total)
T4834 28218:672 JLINK_EMU_GetList(InterfaceMask = 0x00000002, MaxInfos = 0x00000032)   returns 0x00 (0069ms, 14267ms total)
T4834 28220:155 JLINK_EMU_GetList(InterfaceMask = 0x00000001, MaxInfos = 0x00000032)   returns 0x00 (0017ms, 14284ms total)
T4834 28220:172 JLINK_EMU_GetList(InterfaceMask = 0x00000002, MaxInfos = 0x00000032)   returns 0x00 (0070ms, 14354ms total)
T4834 28221:651 JLINK_EMU_GetList(InterfaceMask = 0x00000001, MaxInfos = 0x00000032)   returns 0x00 (0019ms, 14373ms total)
T4834 28221:670 JLINK_EMU_GetList(InterfaceMask = 0x00000002, MaxInfos = 0x00000032)   returns 0x00 (0087ms, 14460ms total)
T4834 28223:149 JLINK_EMU_GetList(InterfaceMask = 0x00000001, MaxInfos = 0x00000032)   returns 0x00 (0017ms, 14477ms total)
T4834 28223:166 JLINK_EMU_GetList(InterfaceMask = 0x00000002, MaxInfos = 0x00000032)   returns 0x00 (0070ms, 14547ms total)
T3EBC 67254:218 JLINK_EMU_GetList(InterfaceMask = 0x00000001, MaxInfos = 0x00000032)   returns 0x00 (0036ms, 14583ms total)
T3EBC 67254:254 JLINK_EMU_GetList(InterfaceMask = 0x00000002, MaxInfos = 0x00000032)   returns 0x00 (0078ms, 14661ms total)
T3EBC 67255:813 JLINK_EMU_GetList(InterfaceMask = 0x00000001, MaxInfos = 0x00000032)   returns 0x00 (0019ms, 14681ms total)
T3EBC 67255:833 JLINK_EMU_GetList(InterfaceMask = 0x00000002, MaxInfos = 0x00000032)   returns 0x00 (0068ms, 14750ms total)
T3EBC 67257:322 JLINK_EMU_GetList(InterfaceMask = 0x00000001, MaxInfos = 0x00000032)   returns 0x00 (0022ms, 14772ms total)
T3EBC 67257:344 JLINK_EMU_GetList(InterfaceMask = 0x00000002, MaxInfos = 0x00000032)   returns 0x00 (0069ms, 14841ms total)
T3EBC 67258:829 JLINK_EMU_GetList(InterfaceMask = 0x00000001, MaxInfos = 0x00000032)   returns 0x00 (0019ms, 14860ms total)
T3EBC 67258:848 JLINK_EMU_GetList(InterfaceMask = 0x00000002, MaxInfos = 0x00000032)   returns 0x00 (0069ms, 14929ms total)
T3EBC 67260:273 JLINK_EMU_GetList(InterfaceMask = 0x00000001, MaxInfos = 0x00000032)   returns 0x00 (0018ms, 14947ms total)
T3EBC 67260:291 JLINK_EMU_GetList(InterfaceMask = 0x00000002, MaxInfos = 0x00000032)   returns 0x00 (0070ms, 15017ms total)
T3EBC 67261:771 JLINK_EMU_GetList(InterfaceMask = 0x00000001, MaxInfos = 0x00000032)   returns 0x00 (0019ms, 15036ms total)
T3EBC 67261:790 JLINK_EMU_GetList(InterfaceMask = 0x00000002, MaxInfos = 0x00000032)   returns 0x00 (0072ms, 15108ms total)
T3EBC 67263:459 JLINK_EMU_GetList(InterfaceMask = 0x00000001, MaxInfos = 0x00000032)   returns 0x00 (0031ms, 15139ms total)
T3EBC 67263:490 JLINK_EMU_GetList(InterfaceMask = 0x00000002, MaxInfos = 0x00000032)   returns 0x00 (0071ms, 15210ms total)
T3EBC 67264:995 JLINK_EMU_GetList(InterfaceMask = 0x00000001, MaxInfos = 0x00000032)   returns 0x00 (0022ms, 15232ms total)
T3EBC 67265:017 JLINK_EMU_GetList(InterfaceMask = 0x00000002, MaxInfos = 0x00000032)   returns 0x00 (0071ms, 15303ms total)
T3EBC 67266:638 JLINK_EMU_GetList(InterfaceMask = 0x00000001, MaxInfos = 0x00000032)   returns 0x00 (0024ms, 15327ms total)
T3EBC 67266:662 JLINK_EMU_GetList(InterfaceMask = 0x00000002, MaxInfos = 0x00000032)   returns 0x00 (0071ms, 15398ms total)
T3EBC 67268:152 JLINK_EMU_GetList(InterfaceMask = 0x00000001, MaxInfos = 0x00000032)   returns 0x00 (0021ms, 15419ms total)
T3EBC 67268:173 JLINK_EMU_GetList(InterfaceMask = 0x00000002, MaxInfos = 0x00000032)   returns 0x00 (0070ms, 15489ms total)
T3EBC 67269:640 JLINK_EMU_GetList(InterfaceMask = 0x00000001, MaxInfos = 0x00000032)   returns 0x00 (0017ms, 15506ms total)
T3EBC 67269:657 JLINK_EMU_GetList(InterfaceMask = 0x00000002, MaxInfos = 0x00000032)   returns 0x00 (0070ms, 15576ms total)
T3EBC 67271:126 JLINK_EMU_GetList(InterfaceMask = 0x00000001, MaxInfos = 0x00000032)   returns 0x00 (0018ms, 15594ms total)
T3EBC 67271:144 JLINK_EMU_GetList(InterfaceMask = 0x00000002, MaxInfos = 0x00000032)   returns 0x00 (0069ms, 15663ms total)
T3EBC 67272:633 JLINK_EMU_GetList(InterfaceMask = 0x00000001, MaxInfos = 0x00000032)   returns 0x00 (0018ms, 15681ms total)
T3EBC 67272:651 JLINK_EMU_GetList(InterfaceMask = 0x00000002, MaxInfos = 0x00000032)   returns 0x00 (0070ms, 15751ms total)
T3EBC 67274:094 JLINK_EMU_GetList(InterfaceMask = 0x00000001, MaxInfos = 0x00000032)   returns 0x00 (0018ms, 15769ms total)
T3EBC 67274:112 JLINK_EMU_GetList(InterfaceMask = 0x00000002, MaxInfos = 0x00000032)   returns 0x00 (0069ms, 15838ms total)
T3EBC 67275:589 JLINK_EMU_GetList(InterfaceMask = 0x00000001, MaxInfos = 0x00000032)   returns 0x00 (0019ms, 15857ms total)
T3EBC 67275:608 JLINK_EMU_GetList(InterfaceMask = 0x00000002, MaxInfos = 0x00000032)   returns 0x00 (0069ms, 15926ms total)
T3EBC 67277:106 JLINK_EMU_GetList(InterfaceMask = 0x00000001, MaxInfos = 0x00000032)   returns 0x00 (0017ms, 15943ms total)
T3EBC 67277:124 JLINK_EMU_GetList(InterfaceMask = 0x00000002, MaxInfos = 0x00000032)   returns 0x00 (0070ms, 16013ms total)
T3EBC 67278:613 JLINK_EMU_GetList(InterfaceMask = 0x00000001, MaxInfos = 0x00000032)   returns 0x00 (0022ms, 16035ms total)
T3EBC 67278:635 JLINK_EMU_GetList(InterfaceMask = 0x00000002, MaxInfos = 0x00000032)   returns 0x00 (0069ms, 16104ms total)
T3EBC 67280:078 JLINK_EMU_GetList(InterfaceMask = 0x00000001, MaxInfos = 0x00000032)   returns 0x00 (0017ms, 16121ms total)
T3EBC 67280:095 JLINK_EMU_GetList(InterfaceMask = 0x00000002, MaxInfos = 0x00000032)   returns 0x00 (0070ms, 16191ms total)
T3EBC 67281:532 JLINK_EMU_GetList(InterfaceMask = 0x00000001, MaxInfos = 0x00000032)   returns 0x00 (0017ms, 16208ms total)
T3EBC 67281:549 JLINK_EMU_GetList(InterfaceMask = 0x00000002, MaxInfos = 0x00000032)   returns 0x00 (0069ms, 16277ms total)
T3EBC 67283:012 JLINK_EMU_GetList(InterfaceMask = 0x00000001, MaxInfos = 0x00000032)   returns 0x00 (0018ms, 16295ms total)
T3EBC 67283:030 JLINK_EMU_GetList(InterfaceMask = 0x00000002, MaxInfos = 0x00000032)   returns 0x00 (0070ms, 16365ms total)
T3EBC 67284:495 JLINK_EMU_GetList(InterfaceMask = 0x00000001, MaxInfos = 0x00000032)   returns 0x00 (0018ms, 16383ms total)
T3EBC 67284:513 JLINK_EMU_GetList(InterfaceMask = 0x00000002, MaxInfos = 0x00000032)   returns 0x00 (0069ms, 16452ms total)
T3EBC 67285:975 JLINK_EMU_GetList(InterfaceMask = 0x00000001, MaxInfos = 0x00000032)   returns 0x00 (0018ms, 16470ms total)
T3EBC 67285:993 JLINK_EMU_GetList(InterfaceMask = 0x00000002, MaxInfos = 0x00000032)   returns 0x00 (0069ms, 16539ms total)
T3EBC 67287:425 JLINK_EMU_GetList(InterfaceMask = 0x00000001, MaxInfos = 0x00000032)   returns 0x00 (0017ms, 16556ms total)
T3EBC 67287:442 JLINK_EMU_GetList(InterfaceMask = 0x00000002, MaxInfos = 0x00000032)   returns 0x00 (0070ms, 16626ms total)
T3EBC 67288:889 JLINK_EMU_GetList(InterfaceMask = 0x00000001, MaxInfos = 0x00000032)   returns 0x00 (0020ms, 16646ms total)
T3EBC 67288:909 JLINK_EMU_GetList(InterfaceMask = 0x00000002, MaxInfos = 0x00000032)   returns 0x00 (0069ms, 16715ms total)
T3EBC 67290:381 JLINK_EMU_GetList(InterfaceMask = 0x00000001, MaxInfos = 0x00000032)   returns 0x00 (0017ms, 16732ms total)
T3EBC 67290:398 JLINK_EMU_GetList(InterfaceMask = 0x00000002, MaxInfos = 0x00000032)   returns 0x00 (0069ms, 16801ms total)
T3EBC 67291:835 JLINK_EMU_GetList(InterfaceMask = 0x00000001, MaxInfos = 0x00000032)   returns 0x00 (0018ms, 16819ms total)
T3EBC 67291:853 JLINK_EMU_GetList(InterfaceMask = 0x00000002, MaxInfos = 0x00000032)   returns 0x00 (0069ms, 16888ms total)
T3EBC 67293:280 JLINK_EMU_GetList(InterfaceMask = 0x00000001, MaxInfos = 0x00000032)   returns 0x00 (0017ms, 16905ms total)
T3EBC 67293:297 JLINK_EMU_GetList(InterfaceMask = 0x00000002, MaxInfos = 0x00000032)   returns 0x00 (0069ms, 16974ms total)
T3EBC 67294:728 JLINK_EMU_GetList(InterfaceMask = 0x00000001, MaxInfos = 0x00000032)   returns 0x00 (0017ms, 16991ms total)
T3EBC 67294:745 JLINK_EMU_GetList(InterfaceMask = 0x00000002, MaxInfos = 0x00000032)   returns 0x00 (0069ms, 17060ms total)
T3EBC 67296:168 JLINK_EMU_GetList(InterfaceMask = 0x00000001, MaxInfos = 0x00000032)   returns 0x00 (0017ms, 17077ms total)
T3EBC 67296:185 JLINK_EMU_GetList(InterfaceMask = 0x00000002, MaxInfos = 0x00000032)   returns 0x00 (0069ms, 17146ms total)
T3EBC 67297:638 JLINK_EMU_GetList(InterfaceMask = 0x00000001, MaxInfos = 0x00000032)   returns 0x00 (0017ms, 17163ms total)
T3EBC 67297:655 JLINK_EMU_GetList(InterfaceMask = 0x00000002, MaxInfos = 0x00000032)   returns 0x00 (0069ms, 17232ms total)
T3EBC 67299:091 JLINK_EMU_GetList(InterfaceMask = 0x00000001, MaxInfos = 0x00000032)   returns 0x00 (0018ms, 17250ms total)
T3EBC 67299:109 JLINK_EMU_GetList(InterfaceMask = 0x00000002, MaxInfos = 0x00000032)   returns 0x00 (0069ms, 17319ms total)
T3EBC 67300:583 JLINK_EMU_GetList(InterfaceMask = 0x00000001, MaxInfos = 0x00000032)   returns 0x00 (0018ms, 17337ms total)
T3EBC 67300:601 JLINK_EMU_GetList(InterfaceMask = 0x00000002, MaxInfos = 0x00000032)   returns 0x00 (0069ms, 17406ms total)
T3EBC 67302:032 JLINK_EMU_GetList(InterfaceMask = 0x00000001, MaxInfos = 0x00000032)   returns 0x00 (0018ms, 17424ms total)
T3EBC 67302:050 JLINK_EMU_GetList(InterfaceMask = 0x00000002, MaxInfos = 0x00000032)   returns 0x00 (0069ms, 17493ms total)
T3EBC 67303:478 JLINK_EMU_GetList(InterfaceMask = 0x00000001, MaxInfos = 0x00000032)   returns 0x00 (0019ms, 17512ms total)
T3EBC 67303:497 JLINK_EMU_GetList(InterfaceMask = 0x00000002, MaxInfos = 0x00000032)   returns 0x00 (0069ms, 17581ms total)
T3EBC 67304:930 JLINK_EMU_GetList(InterfaceMask = 0x00000001, MaxInfos = 0x00000032)   returns 0x00 (0016ms, 17597ms total)
T3EBC 67304:946 JLINK_EMU_GetList(InterfaceMask = 0x00000002, MaxInfos = 0x00000032)   returns 0x00 (0070ms, 17667ms total)
T3EBC 67306:394 JLINK_EMU_GetList(InterfaceMask = 0x00000001, MaxInfos = 0x00000032)   returns 0x00 (0017ms, 17684ms total)
T3EBC 67306:411 JLINK_EMU_GetList(InterfaceMask = 0x00000002, MaxInfos = 0x00000032)   returns 0x00 (0069ms, 17753ms total)
T3EBC 67307:877 JLINK_EMU_GetList(InterfaceMask = 0x00000001, MaxInfos = 0x00000032)   returns 0x00 (0017ms, 17770ms total)
T3EBC 67307:894 JLINK_EMU_GetList(InterfaceMask = 0x00000002, MaxInfos = 0x00000032)   returns 0x00 (0069ms, 17839ms total)
T3EBC 67309:320 JLINK_EMU_GetList(InterfaceMask = 0x00000001, MaxInfos = 0x00000032)   returns 0x00 (0018ms, 17857ms total)
T3EBC 67309:338 JLINK_EMU_GetList(InterfaceMask = 0x00000002, MaxInfos = 0x00000032)   returns 0x00 (0069ms, 17926ms total)
T3EBC 67310:790 JLINK_EMU_GetList(InterfaceMask = 0x00000001, MaxInfos = 0x00000032)   returns 0x00 (0018ms, 17944ms total)
T3EBC 67310:808 JLINK_EMU_GetList(InterfaceMask = 0x00000002, MaxInfos = 0x00000032)   returns 0x00 (0069ms, 18013ms total)
T3EBC 67312:280 JLINK_EMU_GetList(InterfaceMask = 0x00000001, MaxInfos = 0x00000032)   returns 0x00 (0017ms, 18030ms total)
T3EBC 67312:297 JLINK_EMU_GetList(InterfaceMask = 0x00000002, MaxInfos = 0x00000032)   returns 0x00 (0069ms, 18099ms total)
T3EBC 67313:781 JLINK_EMU_GetList(InterfaceMask = 0x00000001, MaxInfos = 0x00000032)   returns 0x00 (0020ms, 18119ms total)
T3EBC 67313:801 JLINK_EMU_GetList(InterfaceMask = 0x00000002, MaxInfos = 0x00000032)   returns 0x00 (0069ms, 18188ms total)
T3EBC 67315:232 JLINK_EMU_GetList(InterfaceMask = 0x00000001, MaxInfos = 0x00000032)   returns 0x00 (0019ms, 18207ms total)
T3EBC 67315:251 JLINK_EMU_GetList(InterfaceMask = 0x00000002, MaxInfos = 0x00000032)   returns 0x00 (0069ms, 18276ms total)
T3EBC 67316:691 JLINK_EMU_GetList(InterfaceMask = 0x00000001, MaxInfos = 0x00000032)   returns 0x00 (0017ms, 18293ms total)
T3EBC 67316:708 JLINK_EMU_GetList(InterfaceMask = 0x00000002, MaxInfos = 0x00000032)   returns 0x00 (0069ms, 18362ms total)
T3EBC 67318:180 JLINK_EMU_GetList(InterfaceMask = 0x00000001, MaxInfos = 0x00000032)   returns 0x00 (0018ms, 18380ms total)
T3EBC 67318:198 JLINK_EMU_GetList(InterfaceMask = 0x00000002, MaxInfos = 0x00000032)   returns 0x00 (0069ms, 18449ms total)
T3EBC 67319:644 JLINK_EMU_GetList(InterfaceMask = 0x00000001, MaxInfos = 0x00000032)   returns 0x00 (0017ms, 18466ms total)
T3EBC 67319:661 JLINK_EMU_GetList(InterfaceMask = 0x00000002, MaxInfos = 0x00000032)   returns 0x00 (0069ms, 18535ms total)
T3EBC 67321:129 JLINK_EMU_GetList(InterfaceMask = 0x00000001, MaxInfos = 0x00000032)   returns 0x00 (0017ms, 18552ms total)
T3EBC 67321:146 JLINK_EMU_GetList(InterfaceMask = 0x00000002, MaxInfos = 0x00000032)   returns 0x00 (0069ms, 18621ms total)
T3EBC 67322:573 JLINK_EMU_GetList(InterfaceMask = 0x00000001, MaxInfos = 0x00000032)   returns 0x00 (0018ms, 18639ms total)
T3EBC 67322:591 JLINK_EMU_GetList(InterfaceMask = 0x00000002, MaxInfos = 0x00000032)   returns 0x00 (0070ms, 18709ms total)
T3EBC 67324:058 JLINK_EMU_GetList(InterfaceMask = 0x00000001, MaxInfos = 0x00000032)   returns 0x00 (0018ms, 18727ms total)
T3EBC 67324:076 JLINK_EMU_GetList(InterfaceMask = 0x00000002, MaxInfos = 0x00000032)   returns 0x00 (0069ms, 18796ms total)
T3EBC 67325:544 JLINK_EMU_GetList(InterfaceMask = 0x00000001, MaxInfos = 0x00000032)   returns 0x00 (0017ms, 18813ms total)
T3EBC 67325:561 JLINK_EMU_GetList(InterfaceMask = 0x00000002, MaxInfos = 0x00000032)   returns 0x00 (0069ms, 18882ms total)
T3EBC 67327:030 JLINK_EMU_GetList(InterfaceMask = 0x00000001, MaxInfos = 0x00000032)   returns 0x00 (0019ms, 18901ms total)
T3EBC 67327:049 JLINK_EMU_GetList(InterfaceMask = 0x00000002, MaxInfos = 0x00000032)   returns 0x00 (0069ms, 18970ms total)
T3EBC 67328:476 JLINK_EMU_GetList(InterfaceMask = 0x00000001, MaxInfos = 0x00000032)   returns 0x00 (0017ms, 18987ms total)
T3EBC 67328:493 JLINK_EMU_GetList(InterfaceMask = 0x00000002, MaxInfos = 0x00000032)   returns 0x00 (0069ms, 19056ms total)
T3EBC 67329:932 JLINK_EMU_GetList(InterfaceMask = 0x00000001, MaxInfos = 0x00000032)   returns 0x00 (0017ms, 19073ms total)
T3EBC 67329:949 JLINK_EMU_GetList(InterfaceMask = 0x00000002, MaxInfos = 0x00000032)   returns 0x00 (0069ms, 19142ms total)
T3EBC 67331:394 JLINK_EMU_GetList(InterfaceMask = 0x00000001, MaxInfos = 0x00000032)   returns 0x00 (0018ms, 19160ms total)
T3EBC 67331:412 JLINK_EMU_GetList(InterfaceMask = 0x00000002, MaxInfos = 0x00000032)   returns 0x00 (0069ms, 19229ms total)
T3EBC 67332:876 JLINK_EMU_GetList(InterfaceMask = 0x00000001, MaxInfos = 0x00000032)   returns 0x00 (0019ms, 19248ms total)
T3EBC 67332:895 JLINK_EMU_GetList(InterfaceMask = 0x00000002, MaxInfos = 0x00000032)   returns 0x00 (0069ms, 19317ms total)
T3EBC 67334:331 JLINK_EMU_GetList(InterfaceMask = 0x00000001, MaxInfos = 0x00000032)   returns 0x00 (0018ms, 19335ms total)
T3EBC 67334:349 JLINK_EMU_GetList(InterfaceMask = 0x00000002, MaxInfos = 0x00000032)   returns 0x00 (0068ms, 19403ms total)
T3EBC 67335:781 JLINK_EMU_GetList(InterfaceMask = 0x00000001, MaxInfos = 0x00000032)   returns 0x00 (0017ms, 19420ms total)
T3EBC 67335:798 JLINK_EMU_GetList(InterfaceMask = 0x00000002, MaxInfos = 0x00000032)   returns 0x00 (0069ms, 19489ms total)
T3EBC 67337:237 JLINK_EMU_GetList(InterfaceMask = 0x00000001, MaxInfos = 0x00000032)   returns 0x00 (0017ms, 19506ms total)
T3EBC 67337:254 JLINK_EMU_GetList(InterfaceMask = 0x00000002, MaxInfos = 0x00000032)   returns 0x00 (0070ms, 19576ms total)
T3EBC 67338:685 JLINK_EMU_GetList(InterfaceMask = 0x00000001, MaxInfos = 0x00000032)   returns 0x00 (0019ms, 19595ms total)
T3EBC 67338:704 JLINK_EMU_GetList(InterfaceMask = 0x00000002, MaxInfos = 0x00000032)   returns 0x00 (0069ms, 19664ms total)
T3EBC 67340:131 JLINK_EMU_GetList(InterfaceMask = 0x00000001, MaxInfos = 0x00000032)   returns 0x00 (0018ms, 19682ms total)
T3EBC 67340:149 JLINK_EMU_GetList(InterfaceMask = 0x00000002, MaxInfos = 0x00000032)   returns 0x00 (0069ms, 19751ms total)
T3EBC 67341:581 JLINK_EMU_GetList(InterfaceMask = 0x00000001, MaxInfos = 0x00000032)   returns 0x00 (0017ms, 19768ms total)
T3EBC 67341:598 JLINK_EMU_GetList(InterfaceMask = 0x00000002, MaxInfos = 0x00000032)   returns 0x00 (0069ms, 19837ms total)
T3EBC 67343:026 JLINK_EMU_GetList(InterfaceMask = 0x00000001, MaxInfos = 0x00000032)   returns 0x00 (0018ms, 19855ms total)
T3EBC 67343:044 JLINK_EMU_GetList(InterfaceMask = 0x00000002, MaxInfos = 0x00000032)   returns 0x00 (0069ms, 19924ms total)
T3EBC 67344:487 JLINK_EMU_GetList(InterfaceMask = 0x00000001, MaxInfos = 0x00000032)   returns 0x00 (0019ms, 19943ms total)
T3EBC 67344:506 JLINK_EMU_GetList(InterfaceMask = 0x00000002, MaxInfos = 0x00000032)   returns 0x00 (0069ms, 20012ms total)
T3EBC 67345:933 JLINK_EMU_GetList(InterfaceMask = 0x00000001, MaxInfos = 0x00000032)   returns 0x00 (0017ms, 20029ms total)
T3EBC 67345:950 JLINK_EMU_GetList(InterfaceMask = 0x00000002, MaxInfos = 0x00000032)   returns 0x00 (0069ms, 20098ms total)
